C51 COMPILER V9.00   MAIN                                                                  04/01/2021 20:36:05 PAGE 1   


C51 COMPILER V9.00, COMPILATION OF MODULE MAIN
OBJECT MODULE PLACED IN main.OBJ
COMPILER INVOKED BY: E:\Keil\C51\BIN\C51.EXE main.c BROWSE DEBUG OBJECTEXTEND

line level    source

   1          /*********************************计算器训练***************************/
   2          //2021年3月27日，针对当日程序修改，实现结果不大于十进制结果为65535的运算
   3          //显示和多按键输入采用了项目开发常用的编程手法，小组成员分析后，再编写完成
   4          #include<reg51.h>
   5          #include<key.c>
   6          code unsigned char bit_scan[] = {0x01,0x02,0x04,0x08,0x10,0x20,0x40,0x80,};
   7          code unsigned char seven_seg[] = 
   8          {
   9                  0xc0,0xf9,0xa4,0xb0,0x99,0x92,0x82,0xf8,0x80,0x90,
  10                  0xff,
  11          };
  12          sbit LE = P1^4;
  13          /**********************************************************************/
  14          void timer0_isr(void) interrupt 1
  15          {
  16   1              TH0 = (65536 - 5000) / 256;
  17   1              TL0 = (65536 - 5000) % 256;
  18   1              P0 = 0xff;
  19   1              P0 = bit_scan[cp];LE = 1;LE = 0;P0 = seven_seg[num[cp]];
  20   1              cp++;
  21   1              if(cp >= 8)cp = 0;
  22   1      }
  23          void timer0_init(void)
  24          {
  25   1              TMOD = TMOD | 0x01;
  26   1              TH0 = (65536 - 5000) / 256;
  27   1              TL0 = (65536 - 5000) % 256;
  28   1              EA = 1;
  29   1              ET0 = 1;
  30   1              TR0 = 1;
  31   1      }
  32          void main(void)
  33          {
  34   1              timer0_init();
  35   1              while(1)
  36   1              {
  37   2                      key_do();
  38   2                      zero_ct();                              
  39   2              }
  40   1      }


MODULE INFORMATION:   STATIC OVERLAYABLE
   CODE SIZE        =    749    ----
   CONSTANT SIZE    =     19    ----
   XDATA SIZE       =   ----    ----
   PDATA SIZE       =   ----    ----
   DATA SIZE        =     41    ----
   IDATA SIZE       =   ----    ----
   BIT SIZE         =   ----    ----
END OF MODULE INFORMATION.


C51 COMPILATION COMPLETE.  0 WARNING(S),  0 ERROR(S)
